[debug] [2021-01-26T17:39:53.711Z] ----------------------------------------------------------------------
[debug] [2021-01-26T17:39:53.717Z] Command:       C:\Program Files\nodejs\node.exe C:\Users\Chitransh Sinha\AppData\Roaming\npm\node_modules\firebase-tools\lib\bin\firebase.js deploy
[debug] [2021-01-26T17:39:53.718Z] CLI Version:   9.2.2
[debug] [2021-01-26T17:39:53.719Z] Platform:      win32
[debug] [2021-01-26T17:39:53.719Z] Node Version:  v12.18.3
[debug] [2021-01-26T17:39:53.722Z] Time:          Tue Jan 26 2021 23:09:53 GMT+0530 (India Standard Time)
[debug] [2021-01-26T17:39:53.723Z] ----------------------------------------------------------------------
[debug] [2021-01-26T17:39:53.723Z] 
[debug] [2021-01-26T17:39:53.751Z] > command requires scopes: ["email","openid","https://www.googleapis.com/auth/cloudplatformprojects.readonly","https://www.googleapis.com/auth/firebase","https://www.googleapis.com/auth/cloud-platform"]
[debug] [2021-01-26T17:39:53.753Z] > authorizing via signed-in user
[debug] [2021-01-26T17:39:53.754Z] [iam] checking project tinder-clone-8b8fa for permissions ["firebase.projects.get","firebasehosting.sites.update"]
[debug] [2021-01-26T17:39:53.764Z] >>> HTTP REQUEST POST https://cloudresourcemanager.googleapis.com/v1/projects/tinder-clone-8b8fa:testIamPermissions  
 {"permissions":["firebase.projects.get","firebasehosting.sites.update"]}
[debug] [2021-01-26T17:39:55.168Z] <<< HTTP RESPONSE 200 {"content-type":"application/json; charset=UTF-8","vary":"X-Origin, Referer, Origin,Accept-Encoding","date":"Tue, 26 Jan 2021 17:39:55 GMT","server":"ESF","cache-control":"private","x-xss-protection":"0","x-frame-options":"SAMEORIGIN","x-content-type-options":"nosniff","server-timing":"gfet4t7; dur=1193","alt-svc":"h3-29=\":443\"; ma=2592000,h3-T051=\":443\"; ma=2592000,h3-Q050=\":443\"; ma=2592000,h3-Q046=\":443\"; ma=2592000,h3-Q043=\":443\"; ma=2592000,quic=\":443\"; ma=2592000; v=\"46,43\"","accept-ranges":"none","transfer-encoding":"chunked"}
[debug] [2021-01-26T17:39:55.176Z] > refreshing access token with scopes: []
[debug] [2021-01-26T17:39:55.177Z] >>> HTTP REQUEST POST https://www.googleapis.com/oauth2/v3/token  
 <request body omitted>
[debug] [2021-01-26T17:39:55.329Z] <<< HTTP RESPONSE 200 {"cache-control":"no-cache, no-store, max-age=0, must-revalidate","expires":"Mon, 01 Jan 1990 00:00:00 GMT","date":"Tue, 26 Jan 2021 17:39:55 GMT","pragma":"no-cache","content-type":"application/json; charset=utf-8","vary":"X-Origin, Referer, Origin,Accept-Encoding","server":"scaffolding on HTTPServer2","x-xss-protection":"0","x-frame-options":"SAMEORIGIN","x-content-type-options":"nosniff","alt-svc":"h3-29=\":443\"; ma=2592000,h3-T051=\":443\"; ma=2592000,h3-Q050=\":443\"; ma=2592000,h3-Q046=\":443\"; ma=2592000,h3-Q043=\":443\"; ma=2592000,quic=\":443\"; ma=2592000; v=\"46,43\"","accept-ranges":"none","transfer-encoding":"chunked"}
[debug] [2021-01-26T17:39:55.378Z] >>> [apiv2][query] GET https://firebase.googleapis.com/v1beta1/projects/tinder-clone-8b8fa [none]
[debug] [2021-01-26T17:39:55.828Z] <<< [apiv2][status] GET https://firebase.googleapis.com/v1beta1/projects/tinder-clone-8b8fa 200
[debug] [2021-01-26T17:39:55.829Z] <<< [apiv2][body] GET https://firebase.googleapis.com/v1beta1/projects/tinder-clone-8b8fa {"projectId":"tinder-clone-8b8fa","projectNumber":"684147696254","displayName":"tinder-clone","name":"projects/tinder-clone-8b8fa","resources":{"hostingSite":"tinder-clone-8b8fa"},"state":"ACTIVE"}
[info] 
[info] === Deploying to 'tinder-clone-8b8fa'...
[info] 
[info] i  deploying hosting 
[debug] [2021-01-26T17:39:55.852Z] > refreshing access token with scopes: ["email","https://www.googleapis.com/auth/cloud-platform","https://www.googleapis.com/auth/cloudplatformprojects.readonly","https://www.googleapis.com/auth/firebase","openid"]
[debug] [2021-01-26T17:39:55.852Z] >>> HTTP REQUEST POST https://www.googleapis.com/oauth2/v3/token  
 <request body omitted>
[debug] [2021-01-26T17:39:55.990Z] <<< HTTP RESPONSE 200 {"expires":"Mon, 01 Jan 1990 00:00:00 GMT","date":"Tue, 26 Jan 2021 17:39:56 GMT","cache-control":"no-cache, no-store, max-age=0, must-revalidate","pragma":"no-cache","content-type":"application/json; charset=utf-8","vary":"X-Origin, Referer, Origin,Accept-Encoding","server":"scaffolding on HTTPServer2","x-xss-protection":"0","x-frame-options":"SAMEORIGIN","x-content-type-options":"nosniff","alt-svc":"h3-29=\":443\"; ma=2592000,h3-T051=\":443\"; ma=2592000,h3-Q050=\":443\"; ma=2592000,h3-Q046=\":443\"; ma=2592000,h3-Q043=\":443\"; ma=2592000,quic=\":443\"; ma=2592000; v=\"46,43\"","accept-ranges":"none","transfer-encoding":"chunked"}
[debug] [2021-01-26T17:39:56.072Z] >>> HTTP REQUEST POST https://firebasehosting.googleapis.com/v1beta1/sites/tinder-clone-8b8fa/versions  
 {"config":{"rewrites":[{"glob":"**","path":"/index.html"}]},"labels":{"deployment-tool":"cli-firebase"}}
[debug] [2021-01-26T17:39:57.880Z] <<< HTTP RESPONSE 200 {"content-type":"application/json; charset=UTF-8","vary":"X-Origin, Referer, Origin,Accept-Encoding","date":"Tue, 26 Jan 2021 17:39:57 GMT","server":"ESF","cache-control":"private","x-xss-protection":"0","x-frame-options":"SAMEORIGIN","x-content-type-options":"nosniff","alt-svc":"h3-29=\":443\"; ma=2592000,h3-T051=\":443\"; ma=2592000,h3-Q050=\":443\"; ma=2592000,h3-Q046=\":443\"; ma=2592000,h3-Q043=\":443\"; ma=2592000,quic=\":443\"; ma=2592000; v=\"46,43\"","accept-ranges":"none","transfer-encoding":"chunked"}
[info] i  hosting[tinder-clone-8b8fa]: beginning deploy... 
[info] i  hosting[tinder-clone-8b8fa]: found 7 files in public 
[debug] [2021-01-26T17:39:57.930Z] [hosting] hash cache [cHVibGlj] not populated
[debug] [2021-01-26T17:39:57.956Z] > refreshing access token with scopes: []
[debug] [2021-01-26T17:39:57.957Z] >>> HTTP REQUEST POST https://www.googleapis.com/oauth2/v3/token  
 <request body omitted>
[debug] [2021-01-26T17:39:57.982Z] [hosting] hash cache [cHVibGlj] stored for 7 files
[debug] [2021-01-26T17:39:57.983Z] [hosting][hash queue][FINAL] {"max":18,"min":14,"avg":15.714285714285714,"active":0,"complete":7,"success":7,"errored":0,"retried":0,"total":7,"elapsed":51}
[debug] [2021-01-26T17:39:58.149Z] <<< HTTP RESPONSE 200 {"expires":"Mon, 01 Jan 1990 00:00:00 GMT","cache-control":"no-cache, no-store, max-age=0, must-revalidate","pragma":"no-cache","date":"Tue, 26 Jan 2021 17:39:58 GMT","content-type":"application/json; charset=utf-8","vary":"X-Origin, Referer, Origin,Accept-Encoding","server":"scaffolding on HTTPServer2","x-xss-protection":"0","x-frame-options":"SAMEORIGIN","x-content-type-options":"nosniff","alt-svc":"h3-29=\":443\"; ma=2592000,h3-T051=\":443\"; ma=2592000,h3-Q050=\":443\"; ma=2592000,h3-Q046=\":443\"; ma=2592000,h3-Q043=\":443\"; ma=2592000,quic=\":443\"; ma=2592000; v=\"46,43\"","accept-ranges":"none","transfer-encoding":"chunked"}
[debug] [2021-01-26T17:39:58.189Z] >>> [apiv2][query] POST https://firebasehosting.googleapis.com/v1beta1/sites/tinder-clone-8b8fa/versions/e3f732f724ae1884:populateFiles [none]
[debug] [2021-01-26T17:39:58.190Z] >>> [apiv2][body] POST https://firebasehosting.googleapis.com/v1beta1/sites/tinder-clone-8b8fa/versions/e3f732f724ae1884:populateFiles {"files":{"/404.html":"daa499dd96d8229e73235345702ba32f0793f0c8e5c0d30e40e37a5872be57aa","/favicon.ico":"eae62e993eb980ec8a25058c39d5a51feab118bd2100c4deebb2a9c158ec11f9","/index.html":"d143ce1d1011d04969fd3056b4995fc8e5f998b794a907385b27805d3f81fc46","/logo192.png":"3ee59515172ee198f3be375979df15ac5345183e656720a381b8872b2a39dc8b","/manifest.json":"aff3449bdc238776f5d6d967f19ec491b36aed5fb7f23ccff6500736fd58494a","/robots.txt":"bfe106a3fb878dc83461c86818bf74fc1bdc7f28538ba613cd3e775516ce8b49","/logo512.png":"ee7e2f3fdb8209c4b6fd7bef6ba50d1b9dba30a25bb5c3126df057e1cb6f5331"}}
